<?xml version="1.0" encoding="UTF-8"?>
<testng-results total="1" passed="1" failed="0" skipped="0">
  <reporter-output>
  </reporter-output>
  <suite started-at="2020-07-14T10:21:20Z" name="Default suite" finished-at="2020-07-14T10:21:29Z" duration-ms="9421">
    <groups>
    </groups>
    <test started-at="2020-07-14T10:21:20Z" name="Default test" finished-at="2020-07-14T10:21:29Z" duration-ms="9421">
      <class name="example.NewTest">
        <test-method is-config="true" signature="beforeTest()[pri:0, instance:example.NewTest@24d1274d]" started-at="2020-07-14T15:51:20Z" name="beforeTest" finished-at="2020-07-14T15:51:27Z" duration-ms="6716" status="PASS">
          <reporter-output>
          </reporter-output>
        </test-method> <!-- beforeTest -->
        <test-method signature="f()[pri:0, instance:example.NewTest@24d1274d]" started-at="2020-07-14T15:51:27Z" name="f" finished-at="2020-07-14T15:51:28Z" duration-ms="1516" status="PASS">
          <reporter-output>
          </reporter-output>
        </test-method> <!-- f -->
        <test-method is-config="true" signature="afterTest()[pri:0, instance:example.NewTest@24d1274d]" started-at="2020-07-14T15:51:28Z" name="afterTest" finished-at="2020-07-14T15:51:29Z" duration-ms="1169" status="PASS">
          <reporter-output>
          </reporter-output>
        </test-method> <!-- afterTest -->
      </class> <!-- example.NewTest -->
    </test> <!-- Default test -->
  </suite> <!-- Default suite -->
</testng-results>
